#
# There is insufficient memory for the Java Runtime Environment to continue.
# Native memory allocation (malloc) failed to allocate 1395344 bytes for Chunk::new
# Possible reasons:
#   The system is out of physical RAM or swap space
#   The process is running with CompressedOops enabled, and the Java Heap may be blocking the growth of the native heap
# Possible solutions:
#   Reduce memory load on the system
#   Increase physical memory or swap space
#   Check if swap backing store is full
#   Decrease Java heap size (-Xmx/-Xms)
#   Decrease number of Java threads
#   Decrease Java thread stack sizes (-Xss)
#   Set larger code cache with -XX:ReservedCodeCacheSize=
#   JVM is running with Zero Based Compressed Oops mode in which the Java heap is
#     placed in the first 32GB address space. The Java Heap base address is the
#     maximum limit for the native heap growth. Please use -XX:HeapBaseMinAddress
#     to set the Java Heap base and to place the Java Heap above 32GB virtual address.
# This output file may be truncated or incomplete.
#
#  Out of Memory Error (arena.cpp:168), pid=17332, tid=18708
#
# JRE version: Java(TM) SE Runtime Environment (21.0.9+7) (build 21.0.9+7-LTS-338)
# Java VM: Java HotSpot(TM) 64-Bit Server VM (21.0.9+7-LTS-338, mixed mode, sharing, tiered, compressed oops, compressed class ptrs, g1 gc, windows-amd64)
# No core dump will be written. Minidumps are not enabled by default on client versions of Windows
#

---------------  S U M M A R Y ------------

Command Line: --add-opens=java.base/java.lang=ALL-UNNAMED --enable-native-access=ALL-UNNAMED -Dclassworlds.conf=C:/Users/Big_Dream/.m2/wrapper/dists/apache-maven-3.9.12/6068d197/bin/m2.conf -Dmaven.home=C:/Users/Big_Dream/.m2/wrapper/dists/apache-maven-3.9.12/6068d197 -Dlibrary.jansi.path=C:/Users/Big_Dream/.m2/wrapper/dists/apache-maven-3.9.12/6068d197/lib/jansi-native -Dmaven.multiModuleProjectDirectory=D:/java-application-ecom/gateway org.codehaus.plexus.classworlds.launcher.Launcher clean package -DskipTests

Host: Intel(R) Core(TM) i5-6300U CPU @ 2.40GHz, 4 cores, 15G,  Windows 10 , 64 bit Build 19041 (10.0.19041.5915)
Time: Mon Mar  2 00:17:36 2026 Afghanistan Standard Time elapsed time: 7.896902 seconds (0d 0h 0m 7s)

---------------  T H R E A D  ---------------

Current thread (0x0000019a58f1c070):  JavaThread "C2 CompilerThread0" daemon [_thread_in_native, id=18708, stack(0x0000008558e00000,0x0000008558f00000) (1024K)]


Current CompileTask:
C2:   7897 4549   !   4       org.codehaus.plexus.interpolation.ObjectBasedValueSource::getValue (66 bytes)

Stack: [0x0000008558e00000,0x0000008558f00000]
Native frames: (J=compiled Java code, j=interpreted, Vv=VM code, C=native code)
V  [jvm.dll+0x6cbf89]
V  [jvm.dll+0x858421]
V  [jvm.dll+0x85a94e]
V  [jvm.dll+0x85b023]
V  [jvm.dll+0x27ebc6]
V  [jvm.dll+0xc4f4d]
V  [jvm.dll+0xc5483]
V  [jvm.dll+0x3b69fc]
V  [jvm.dll+0x382925]
V  [jvm.dll+0x381d9a]
V  [jvm.dll+0x247640]
V  [jvm.dll+0x246c1f]
V  [jvm.dll+0x1c7a3e]
V  [jvm.dll+0x256329]
V  [jvm.dll+0x2548ba]
V  [jvm.dll+0x3efdee]
V  [jvm.dll+0x80265b]
V  [jvm.dll+0x6ca66d]
C  [ucrtbase.dll+0x21bb2]
C  [KERNEL32.DLL+0x17374]
C  [ntdll.dll+0x4cc91]


---------------  P R O C E S S  ---------------

Threads class SMR info:
_java_thread_list=0x0000019a9ed79d60, length=13, elements={
0x0000019a387e30a0, 0x0000019a58f0cee0, 0x0000019a58f0e560, 0x0000019a58f0ebd0,
0x0000019a58f0f4c0, 0x0000019a58f11b40, 0x0000019a58f161c0, 0x0000019a58f1c070,
0x0000019a58f1ef40, 0x0000019a9e1e8dc0, 0x0000019a9e1f3610, 0x0000019a9f21e330,
0x0000019a9f35e790
}

Java Threads: ( => current thread )
  0x0000019a387e30a0 JavaThread "main"                              [_thread_in_Java, id=11284, stack(0x0000008558000000,0x0000008558100000) (1024K)]
  0x0000019a58f0cee0 JavaThread "Reference Handler"          daemon [_thread_blocked, id=12596, stack(0x0000008558800000,0x0000008558900000) (1024K)]
  0x0000019a58f0e560 JavaThread "Finalizer"                  daemon [_thread_blocked, id=10636, stack(0x0000008558900000,0x0000008558a00000) (1024K)]
  0x0000019a58f0ebd0 JavaThread "Signal Dispatcher"          daemon [_thread_blocked, id=804, stack(0x0000008558a00000,0x0000008558b00000) (1024K)]
  0x0000019a58f0f4c0 JavaThread "Attach Listener"            daemon [_thread_blocked, id=9540, stack(0x0000008558b00000,0x0000008558c00000) (1024K)]
  0x0000019a58f11b40 JavaThread "Service Thread"             daemon [_thread_blocked, id=19704, stack(0x0000008558c00000,0x0000008558d00000) (1024K)]
  0x0000019a58f161c0 JavaThread "Monitor Deflation Thread"   daemon [_thread_blocked, id=18440, stack(0x0000008558d00000,0x0000008558e00000) (1024K)]
=>0x0000019a58f1c070 JavaThread "C2 CompilerThread0"         daemon [_thread_in_native, id=18708, stack(0x0000008558e00000,0x0000008558f00000) (1024K)]
  0x0000019a58f1ef40 JavaThread "C1 CompilerThread0"         daemon [_thread_in_vm, id=20636, stack(0x0000008558f00000,0x0000008559000000) (1024K)]
  0x0000019a9e1e8dc0 JavaThread "Notification Thread"        daemon [_thread_blocked, id=20584, stack(0x0000008559000000,0x0000008559100000) (1024K)]
  0x0000019a9e1f3610 JavaThread "Common-Cleaner"             daemon [_thread_blocked, id=20664, stack(0x0000008559100000,0x0000008559200000) (1024K)]
  0x0000019a9f21e330 JavaThread "Thread-1"                   daemon [_thread_blocked, id=7192, stack(0x0000008559500000,0x0000008559600000) (1024K)]
  0x0000019a9f35e790 JavaThread "C2 CompilerThread1"         daemon [_thread_in_native, id=15368, stack(0x0000008559600000,0x0000008559700000) (1024K)]
Total: 13

Other Threads:
  0x0000019a58ef5620 VMThread "VM Thread"                           [id=16136, stack(0x0000008558700000,0x0000008558800000) (1024K)]
  0x0000019a58ee0d10 WatcherThread "VM Periodic Task Thread"        [id=9684, stack(0x0000008558600000,0x0000008558700000) (1024K)]
  0x0000019a38843350 WorkerThread "GC Thread#0"                     [id=7672, stack(0x0000008558100000,0x0000008558200000) (1024K)]
  0x0000019a9e729ed0 WorkerThread "GC Thread#1"                     [id=9320, stack(0x0000008559200000,0x0000008559300000) (1024K)]
  0x0000019a9e6a2090 WorkerThread "GC Thread#2"                     [id=15436, stack(0x0000008559300000,0x0000008559400000) (1024K)]
  0x0000019a9e6a2440 WorkerThread "GC Thread#3"                     [id=12724, stack(0x0000008559400000,0x0000008559500000) (1024K)]
  0x0000019a38853c30 ConcurrentGCThread "G1 Main Marker"            [id=20260, stack(0x0000008558200000,0x0000008558300000) (1024K)]
  0x0000019a38854de0 WorkerThread "G1 Conc#0"                       [id=21032, stack(0x0000008558300000,0x0000008558400000) (1024K)]
  0x0000019a58db4560 ConcurrentGCThread "G1 Refine#0"               [id=19452, stack(0x0000008558400000,0x0000008558500000) (1024K)]
  0x0000019a58db6b10 ConcurrentGCThread "G1 Service"                [id=17556, stack(0x0000008558500000,0x0000008558600000) (1024K)]
Total: 10

Threads with active compile tasks:
C2 CompilerThread0     7964 4549   !   4       org.codehaus.plexus.interpolation.ObjectBasedValueSource::getValue (66 bytes)
C2 CompilerThread1     7964 4551       4       org.apache.maven.model.ModelBase::getProperties (23 bytes)
Total: 2

VM state: not at safepoint (normal execution)

VM Mutex/Monitor currently owned by a thread: None

Heap address: 0x0000000705600000, size: 4010 MB, Compressed Oops mode: Zero based, Oop shift amount: 3

CDS archive(s) mapped at: [0x0000019a59000000-0x0000019a59c90000-0x0000019a59c90000), size 13172736, SharedBaseAddress: 0x0000019a59000000, ArchiveRelocationMode: 1.
Compressed class space mapped at: 0x0000019a5a000000-0x0000019a9a000000, reserved size: 1073741824
Narrow klass base: 0x0000019a59000000, Narrow klass shift: 0, Narrow klass range: 0x100000000

GC Precious Log:
 CardTable entry size: 512
 Card Set container configuration: InlinePtr #cards 4 size 8 Array Of Cards #cards 16 size 48 Howl #buckets 8 coarsen threshold 3686 Howl Bitmap #cards 512 size 80 coarsen threshold 460 Card regions per heap region 1 cards per card region 4096
 CPUs: 4 total, 4 available
 Memory: 16038M
 Large Page Support: Disabled
 NUMA Support: Disabled
 Compressed Oops: Enabled (Zero based)
 Heap Region Size: 2M
 Heap Min Capacity: 8M
 Heap Initial Capacity: 252M
 Heap Max Capacity: 4010M
 Pre-touch: Disabled
 Parallel Workers: 4
 Concurrent Workers: 1
 Concurrent Refinement Workers: 4
 Periodic GC: Disabled

Heap:
 garbage-first heap   total 258048K, used 138941K [0x0000000705600000, 0x0000000800000000)
  region size 2048K, 69 young (141312K), 2 survivors (4096K)
 Metaspace       used 16342K, committed 16640K, reserved 1114112K
  class space    used 1828K, committed 1984K, reserved 1048576K

Heap Regions: E=young(eden), S=young(survivor), O=old, HS=humongous(starts), HC=humongous(continues), CS=collection set, F=free, TAMS=top-at-mark-start, PB=parsable bottom
|   0|0x0000000705600000, 0x0000000705800000, 0x0000000705800000|100%| O|  |TAMS 0x0000000705600000| PB 0x0000000705600000| Untracked 
|   1|0x0000000705800000, 0x00000007059423f8, 0x0000000705a00000| 62%| O|  |TAMS 0x0000000705800000| PB 0x0000000705800000| Untracked 
|   2|0x0000000705a00000, 0x0000000705a00000, 0x0000000705c00000|  0%| F|  |TAMS 0x0000000705a00000| PB 0x0000000705a00000| Untracked 
|   3|0x0000000705c00000, 0x0000000705c00000, 0x0000000705e00000|  0%| F|  |TAMS 0x0000000705c00000| PB 0x0000000705c00000| Untracked 
|   4|0x0000000705e00000, 0x0000000705e00000, 0x0000000706000000|  0%| F|  |TAMS 0x0000000705e00000| PB 0x0000000705e00000| Untracked 
|   5|0x0000000706000000, 0x0000000706000000, 0x0000000706200000|  0%| F|  |TAMS 0x0000000706000000| PB 0x0000000706000000| Untracked 
|   6|0x0000000706200000, 0x0000000706200000, 0x0000000706400000|  0%| F|  |TAMS 0x0000000706200000| PB 0x0000000706200000| Untracked 
|   7|0x0000000706400000, 0x0000000706400000, 0x0000000706600000|  0%| F|  |TAMS 0x0000000706400000| PB 0x0000000706400000| Untracked 
|   8|0x0000000706600000, 0x0000000706600000, 0x0000000706800000|  0%| F|  |TAMS 0x0000000706600000| PB 0x0000000706600000| Untracked 
|   9|0x0000000706800000, 0x0000000706800000, 0x0000000706a00000|  0%| F|  |TAMS 0x0000000706800000| PB 0x0000000706800000| Untracked 
|  10|0x0000000706a00000, 0x0000000706a00000, 0x0000000706c00000|  0%| F|  |TAMS 0x0000000706a00000| PB 0x0000000706a00000| Untracked 
|  11|0x0000000706c00000, 0x0000000706c00000, 0x0000000706e00000|  0%| F|  |TAMS 0x0000000706c00000| PB 0x0000000706c00000| Untracked 
|  12|0x0000000706e00000, 0x0000000706e00000, 0x0000000707000000|  0%| F|  |TAMS 0x0000000706e00000| PB 0x0000000706e00000| Untracked 
|  13|0x0000000707000000, 0x0000000707000000, 0x0000000707200000|  0%| F|  |TAMS 0x0000000707000000| PB 0x0000000707000000| Untracked 
|  14|0x0000000707200000, 0x0000000707200000, 0x0000000707400000|  0%| F|  |TAMS 0x0000000707200000| PB 0x0000000707200000| Untracked 
|  15|0x0000000707400000, 0x0000000707400000, 0x0000000707600000|  0%| F|  |TAMS 0x0000000707400000| PB 0x0000000707400000| Untracked 
|  16|0x0000000707600000, 0x0000000707600000, 0x0000000707800000|  0%| F|  |TAMS 0x0000000707600000| PB 0x0000000707600000| Untracked 
|  17|0x0000000707800000, 0x0000000707800000, 0x0000000707a00000|  0%| F|  |TAMS 0x0000000707800000| PB 0x0000000707800000| Untracked 
|  18|0x0000000707a00000, 0x0000000707a00000, 0x0000000707c00000|  0%| F|  |TAMS 0x0000000707a00000| PB 0x0000000707a00000| Untracked 
|  19|0x0000000707c00000, 0x0000000707c00000, 0x0000000707e00000|  0%| F|  |TAMS 0x0000000707c00000| PB 0x0000000707c00000| Untracked 
|  20|0x0000000707e00000, 0x0000000707e00000, 0x0000000708000000|  0%| F|  |TAMS 0x0000000707e00000| PB 0x0000000707e00000| Untracked 
|  21|0x0000000708000000, 0x0000000708000000, 0x0000000708200000|  0%| F|  |TAMS 0x0000000708000000| PB 0x0000000708000000| Untracked 
|  22|0x0000000708200000, 0x0000000708200000, 0x0000000708400000|  0%| F|  |TAMS 0x0000000708200000| PB 0x0000000708200000| Untracked 
|  23|0x0000000708400000, 0x0000000708400000, 0x0000000708600000|  0%| F|  |TAMS 0x0000000708400000| PB 0x0000000708400000| Untracked 
|  24|0x0000000708600000, 0x0000000708600000, 0x0000000708800000|  0%| F|  |TAMS 0x0000000708600000| PB 0x0000000708600000| Untracked 
|  25|0x0000000708800000, 0x0000000708800000, 0x0000000708a00000|  0%| F|  |TAMS 0x0000000708800000| PB 0x0000000708800000| Untracked 
|  26|0x0000000708a00000, 0x0000000708a00000, 0x0000000708c00000|  0%| F|  |TAMS 0x0000000708a00000| PB 0x0000000708a00000| Untracked 
|  27|0x0000000708c00000, 0x0000000708c00000, 0x0000000708e00000|  0%| F|  |TAMS 0x0000000708c00000| PB 0x0000000708c00000| Untracked 
|  28|0x0000000708e00000, 0x0000000708e00000, 0x0000000709000000|  0%| F|  |TAMS 0x0000000708e00000| PB 0x0000000708e00000| Untracked 
|  29|0x0000000709000000, 0x0000000709000000, 0x0000000709200000|  0%| F|  |TAMS 0x0000000709000000| PB 0x0000000709000000| Untracked 
|  30|0x0000000709200000, 0x0000000709200000, 0x0000000709400000|  0%| F|  |TAMS 0x0000000709200000| PB 0x0000000709200000| Untracked 
|  31|0x0000000709400000, 0x0000000709400000, 0x0000000709600000|  0%| F|  |TAMS 0x0000000709400000| PB 0x0000000709400000| Untracked 
|  32|0x0000000709600000, 0x0000000709600000, 0x0000000709800000|  0%| F|  |TAMS 0x0000000709600000| PB 0x0000000709600000| Untracked 
|  33|0x0000000709800000, 0x0000000709800000, 0x0000000709a00000|  0%| F|  |TAMS 0x0000000709800000| PB 0x0000000709800000| Untracked 
|  34|0x0000000709a00000, 0x0000000709a00000, 0x0000000709c00000|  0%| F|  |TAMS 0x0000000709a00000| PB 0x0000000709a00000| Untracked 
|  35|0x0000000709c00000, 0x0000000709c00000, 0x0000000709e00000|  0%| F|  |TAMS 0x0000000709c00000| PB 0x0000000709c00000| Untracked 
|  36|0x0000000709e00000, 0x0000000709e00000, 0x000000070a000000|  0%| F|  |TAMS 0x0000000709e00000| PB 0x0000000709e00000| Untracked 
|  37|0x000000070a000000, 0x000000070a000000, 0x000000070a200000|  0%| F|  |TAMS 0x000000070a000000| PB 0x000000070a000000| Untracked 
|  38|0x000000070a200000, 0x000000070a200000, 0x000000070a400000|  0%| F|  |TAMS 0x000000070a200000| PB 0x000000070a200000| Untracked 
|  39|0x000000070a400000, 0x000000070a400000, 0x000000070a600000|  0%| F|  |TAMS 0x000000070a400000| PB 0x000000070a400000| Untracked 
|  40|0x000000070a600000, 0x000000070a600000, 0x000000070a800000|  0%| F|  |TAMS 0x000000070a600000| PB 0x000000070a600000| Untracked 
|  41|0x000000070a800000, 0x000000070a800000, 0x000000070aa00000|  0%| F|  |TAMS 0x000000070a800000| PB 0x000000070a800000| Untracked 
|  42|0x000000070aa00000, 0x000000070aa00000, 0x000000070ac00000|  0%| F|  |TAMS 0x000000070aa00000| PB 0x000000070aa00000| Untracked 
|  43|0x000000070ac00000, 0x000000070ac00000, 0x000000070ae00000|  0%| F|  |TAMS 0x000000070ac00000| PB 0x000000070ac00000| Untracked 
|  44|0x000000070ae00000, 0x000000070ae00000, 0x000000070b000000|  0%| F|  |TAMS 0x000000070ae00000| PB 0x000000070ae00000| Untracked 
|  45|0x000000070b000000, 0x000000070b000000, 0x000000070b200000|  0%| F|  |TAMS 0x000000070b000000| PB 0x000000070b000000| Untracked 
|  46|0x000000070b200000, 0x000000070b200000, 0x000000070b400000|  0%| F|  |TAMS 0x000000070b200000| PB 0x000000070b200000| Untracked 
|  47|0x000000070b400000, 0x000000070b400000, 0x000000070b600000|  0%| F|  |TAMS 0x000000070b400000| PB 0x000000070b400000| Untracked 
|  48|0x000000070b600000, 0x000000070b600000, 0x000000070b800000|  0%| F|  |TAMS 0x000000070b600000| PB 0x000000070b600000| Untracked 
|  49|0x000000070b800000, 0x000000070b800000, 0x000000070ba00000|  0%| F|  |TAMS 0x000000070b800000| PB 0x000000070b800000| Untracked 
|  50|0x000000070ba00000, 0x000000070ba00000, 0x000000070bc00000|  0%| F|  |TAMS 0x000000070ba00000| PB 0x000000070ba00000| Untracked 
|  51|0x000000070bc00000, 0x000000070bc00000, 0x000000070be00000|  0%| F|  |TAMS 0x000000070bc00000| PB 0x000000070bc00000| Untracked 
|  52|0x000000070be00000, 0x000000070be00000, 0x000000070c000000|  0%| F|  |TAMS 0x000000070be00000| PB 0x000000070be00000| Untracked 
|  53|0x000000070c000000, 0x000000070c000000, 0x000000070c200000|  0%| F|  |TAMS 0x000000070c000000| PB 0x000000070c000000| Untracked 
|  54|0x000000070c200000, 0x000000070c200000, 0x000000070c400000|  0%| F|  |TAMS 0x000000070c200000| PB 0x000000070c200000| Untracked 
|  55|0x000000070c400000, 0x000000070c400000, 0x000000070c600000|  0%| F|  |TAMS 0x000000070c400000| PB 0x000000070c400000| Untracked 
|  56|0x000000070c600000, 0x000000070c600000, 0x000000070c800000|  0%| F|  |TAMS 0x000000070c600000| PB 0x000000070c600000| Untracked 
|  57|0x000000070c800000, 0x000000070c8a9598, 0x000000070ca00000| 33%| E|  |TAMS 0x000000070c800000| PB 0x000000070c800000| Complete 
|  58|0x000000070ca00000, 0x000000070cc00000, 0x000000070cc00000|100%| E|CS|TAMS 0x000000070ca00000| PB 0x000000070ca00000| Complete 
|  59|0x000000070cc00000, 0x000000070ce00000, 0x000000070ce00000|100%| E|CS|TAMS 0x000000070cc00000| PB 0x000000070cc00000| Complete 
|  60|0x000000070ce00000, 0x000000070d000000, 0x000000070d000000|100%| E|CS|TAMS 0x000000070ce00000| PB 0x000000070ce00000| Complete 
|  61|0x000000070d000000, 0x000000070d200000, 0x000000070d200000|100%| E|CS|TAMS 0x000000070d000000| PB 0x000000070d000000| Complete 
|  62|0x000000070d200000, 0x000000070d400000, 0x000000070d400000|100%| E|CS|TAMS 0x000000070d200000| PB 0x000000070d200000| Complete 
|  63|0x000000070d400000, 0x000000070d600000, 0x000000070d600000|100%| E|CS|TAMS 0x000000070d400000| PB 0x000000070d400000| Complete 
|  64|0x000000070d600000, 0x000000070d800000, 0x000000070d800000|100%| E|CS|TAMS 0x000000070d600000| PB 0x000000070d600000| Complete 
|  65|0x000000070d800000, 0x000000070da00000, 0x000000070da00000|100%| E|CS|TAMS 0x000000070d800000| PB 0x000000070d800000| Complete 
|  66|0x000000070da00000, 0x000000070dc00000, 0x000000070dc00000|100%| E|CS|TAMS 0x000000070da00000| PB 0x000000070da00000| Complete 
|  67|0x000000070dc00000, 0x000000070de00000, 0x000000070de00000|100%| E|CS|TAMS 0x000000070dc00000| PB 0x000000070dc00000| Complete 
|  68|0x000000070de00000, 0x000000070e000000, 0x000000070e000000|100%| E|CS|TAMS 0x000000070de00000| PB 0x000000070de00000| Complete 
|  69|0x000000070e000000, 0x000000070e200000, 0x000000070e200000|100%| E|CS|TAMS 0x000000070e000000| PB 0x000000070e000000| Complete 
|  70|0x000000070e200000, 0x000000070e400000, 0x000000070e400000|100%| E|CS|TAMS 0x000000070e200000| PB 0x000000070e200000| Complete 
|  71|0x000000070e400000, 0x000000070e600000, 0x000000070e600000|100%| E|CS|TAMS 0x000000070e400000| PB 0x000000070e400000| Complete 
|  72|0x000000070e600000, 0x000000070e800000, 0x000000070e800000|100%| E|CS|TAMS 0x000000070e600000| PB 0x000000070e600000| Complete 
|  73|0x000000070e800000, 0x000000070ea00000, 0x000000070ea00000|100%| E|CS|TAMS 0x000000070e800000| PB 0x000000070e800000| Complete 
|  74|0x000000070ea00000, 0x000000070ec00000, 0x000000070ec00000|100%| E|CS|TAMS 0x000000070ea00000| PB 0x000000070ea00000| Complete 
|  75|0x000000070ec00000, 0x000000070ee00000, 0x000000070ee00000|100%| E|CS|TAMS 0x000000070ec00000| PB 0x000000070ec00000| Complete 
|  76|0x000000070ee00000, 0x000000070f000000, 0x000000070f000000|100%| E|CS|TAMS 0x000000070ee00000| PB 0x000000070ee00000| Complete 
|  77|0x000000070f000000, 0x000000070f200000, 0x000000070f200000|100%| E|CS|TAMS 0x000000070f000000| PB 0x000000070f000000| Complete 
|  78|0x000000070f200000, 0x000000070f400000, 0x000000070f400000|100%| E|CS|TAMS 0x000000070f200000| PB 0x000000070f200000| Complete 
|  79|0x000000070f400000, 0x000000070f600000, 0x000000070f600000|100%| E|CS|TAMS 0x000000070f400000| PB 0x000000070f400000| Complete 
|  80|0x000000070f600000, 0x000000070f800000, 0x000000070f800000|100%| E|CS|TAMS 0x000000070f600000| PB 0x000000070f600000| Complete 
|  81|0x000000070f800000, 0x000000070fa00000, 0x000000070fa00000|100%| E|CS|TAMS 0x000000070f800000| PB 0x000000070f800000| Complete 
|  82|0x000000070fa00000, 0x000000070fc00000, 0x000000070fc00000|100%| E|CS|TAMS 0x000000070fa00000| PB 0x000000070fa00000| Complete 
|  83|0x000000070fc00000, 0x000000070fe00000, 0x000000070fe00000|100%| E|CS|TAMS 0x000000070fc00000| PB 0x000000070fc00000| Complete 
|  84|0x000000070fe00000, 0x0000000710000000, 0x0000000710000000|100%| E|CS|TAMS 0x000000070fe00000| PB 0x000000070fe00000| Complete 
|  85|0x0000000710000000, 0x0000000710200000, 0x0000000710200000|100%| E|CS|TAMS 0x0000000710000000| PB 0x0000000710000000| Complete 
|  86|0x0000000710200000, 0x0000000710400000, 0x0000000710400000|100%| E|CS|TAMS 0x0000000710200000| PB 0x0000000710200000| Complete 
|  87|0x0000000710400000, 0x0000000710600000, 0x0000000710600000|100%| E|CS|TAMS 0x0000000710400000| PB 0x0000000710400000| Complete 
|  88|0x0000000710600000, 0x0000000710800000, 0x0000000710800000|100%| E|CS|TAMS 0x0000000710600000| PB 0x0000000710600000| Complete 
|  89|0x0000000710800000, 0x0000000710a00000, 0x0000000710a00000|100%| E|CS|TAMS 0x0000000710800000| PB 0x0000000710800000| Complete 
|  90|0x0000000710a00000, 0x0000000710c00000, 0x0000000710c00000|100%| E|CS|TAMS 0x0000000710a00000| PB 0x0000000710a00000| Complete 
|  91|0x0000000710c00000, 0x0000000710e00000, 0x0000000710e00000|100%| E|CS|TAMS 0x0000000710c00000| PB 0x0000000710c00000| Complete 
|  92|0x0000000710e00000, 0x0000000711000000, 0x0000000711000000|100%| E|CS|TAMS 0x0000000710e00000| PB 0x0000000710e00000| Complete 
|  93|0x0000000711000000, 0x0000000711200000, 0x0000000711200000|100%| E|  |TAMS 0x0000000711000000| PB 0x0000000711000000| Complete 
|  94|0x0000000711200000, 0x0000000711400000, 0x0000000711400000|100%| E|CS|TAMS 0x0000000711200000| PB 0x0000000711200000| Complete 
|  95|0x0000000711400000, 0x0000000711600000, 0x0000000711600000|100%| E|CS|TAMS 0x0000000711400000| PB 0x0000000711400000| Complete 
|  96|0x0000000711600000, 0x0000000711800000, 0x0000000711800000|100%| E|CS|TAMS 0x0000000711600000| PB 0x0000000711600000| Complete 
|  97|0x0000000711800000, 0x0000000711a00000, 0x0000000711a00000|100%| E|CS|TAMS 0x0000000711800000| PB 0x0000000711800000| Complete 
|  98|0x0000000711a00000, 0x0000000711c00000, 0x0000000711c00000|100%| E|CS|TAMS 0x0000000711a00000| PB 0x0000000711a00000| Complete 
|  99|0x0000000711c00000, 0x0000000711e00000, 0x0000000711e00000|100%| E|CS|TAMS 0x0000000711c00000| PB 0x0000000711c00000| Complete 
| 100|0x0000000711e00000, 0x0000000712000000, 0x0000000712000000|100%| E|CS|TAMS 0x0000000711e00000| PB 0x0000000711e00000| Complete 
| 101|0x0000000712000000, 0x0000000712200000, 0x0000000712200000|100%| E|CS|TAMS 0x0000000712000000| PB 0x0000000712000000| Complete 
| 102|0x0000000712200000, 0x0000000712400000, 0x0000000712400000|100%| E|CS|TAMS 0x0000000712200000| PB 0x0000000712200000| Complete 
| 103|0x0000000712400000, 0x0000000712600000, 0x0000000712600000|100%| E|CS|TAMS 0x0000000712400000| PB 0x0000000712400000| Complete 
| 104|0x0000000712600000, 0x0000000712800000, 0x0000000712800000|100%| E|CS|TAMS 0x0000000712600000| PB 0x0000000712600000| Complete 
| 105|0x0000000712800000, 0x000000071286d1e8, 0x0000000712a00000| 21%| S|CS|TAMS 0x0000000712800000| PB 0x0000000712800000| Complete 
| 106|0x0000000712a00000, 0x0000000712c00000, 0x0000000712c00000|100%| S|CS|TAMS 0x0000000712a00000| PB 0x0000000712a00000| Complete 
| 107|0x0000000712c00000, 0x0000000712e00000, 0x0000000712e00000|100%| E|CS|TAMS 0x0000000712c00000| PB 0x0000000712c00000| Complete 
| 108|0x0000000712e00000, 0x0000000713000000, 0x0000000713000000|100%| E|CS|TAMS 0x0000000712e00000| PB 0x0000000712e00000| Complete 
| 109|0x0000000713000000, 0x0000000713200000, 0x0000000713200000|100%| E|CS|TAMS 0x0000000713000000| PB 0x0000000713000000| Complete 
| 110|0x0000000713200000, 0x0000000713400000, 0x0000000713400000|100%| E|CS|TAMS 0x0000000713200000| PB 0x0000000713200000| Complete 
| 111|0x0000000713400000, 0x0000000713600000, 0x0000000713600000|100%| E|CS|TAMS 0x0000000713400000| PB 0x0000000713400000| Complete 
| 112|0x0000000713600000, 0x0000000713800000, 0x0000000713800000|100%| E|CS|TAMS 0x0000000713600000| PB 0x0000000713600000| Complete 
| 113|0x0000000713800000, 0x0000000713a00000, 0x0000000713a00000|100%| E|CS|TAMS 0x0000000713800000| PB 0x0000000713800000| Complete 
| 114|0x0000000713a00000, 0x0000000713c00000, 0x0000000713c00000|100%| E|CS|TAMS 0x0000000713a00000| PB 0x0000000713a00000| Complete 
| 115|0x0000000713c00000, 0x0000000713e00000, 0x0000000713e00000|100%| E|CS|TAMS 0x0000000713c00000| PB 0x0000000713c00000| Complete 
| 116|0x0000000713e00000, 0x0000000714000000, 0x0000000714000000|100%| E|CS|TAMS 0x0000000713e00000| PB 0x0000000713e00000| Complete 
| 117|0x0000000714000000, 0x0000000714200000, 0x0000000714200000|100%| E|CS|TAMS 0x0000000714000000| PB 0x0000000714000000| Complete 
| 118|0x0000000714200000, 0x0000000714400000, 0x0000000714400000|100%| E|CS|TAMS 0x0000000714200000| PB 0x0000000714200000| Complete 
| 119|0x0000000714400000, 0x0000000714600000, 0x0000000714600000|100%| E|CS|TAMS 0x0000000714400000| PB 0x0000000714400000| Complete 
| 120|0x0000000714600000, 0x0000000714800000, 0x0000000714800000|100%| E|CS|TAMS 0x0000000714600000| PB 0x0000000714600000| Complete 
| 121|0x0000000714800000, 0x0000000714a00000, 0x0000000714a00000|100%| E|CS|TAMS 0x0000000714800000| PB 0x0000000714800000| Complete 
| 122|0x0000000714a00000, 0x0000000714c00000, 0x0000000714c00000|100%| E|CS|TAMS 0x0000000714a00000| PB 0x0000000714a00000| Complete 
| 123|0x0000000714c00000, 0x0000000714e00000, 0x0000000714e00000|100%| E|CS|TAMS 0x0000000714c00000| PB 0x0000000714c00000| Complete 
| 124|0x0000000714e00000, 0x0000000715000000, 0x0000000715000000|100%| E|CS|TAMS 0x0000000714e00000| PB 0x0000000714e00000| Complete 
| 125|0x0000000715000000, 0x0000000715200000, 0x0000000715200000|100%| E|CS|TAMS 0x0000000715000000| PB 0x0000000715000000| Complete 

Card table byte_map: [0x0000019a52260000,0x0000019a52a40000] _byte_map_base: 0x0000019a4ea35000

Marking Bits: (CMBitMap*) 0x0000019a38843710
 Bits: [0x0000019a52a40000, 0x0000019a568e8000)

Polling page: 0x0000019a386a0000

Metaspace:

Usage:
  Non-class:     14.17 MB used.
      Class:      1.79 MB used.
       Both:     15.96 MB used.

Virtual space:
  Non-class space:       64.00 MB reserved,      14.31 MB ( 22%) committed,  1 nodes.
      Class space:        1.00 GB reserved,       1.94 MB ( <1%) committed,  1 nodes.
             Both:        1.06 GB reserved,      16.25 MB (  1%) committed. 

Chunk freelists:
   Non-Class:  1.39 MB
       Class:  13.91 MB
        Both:  15.30 MB

MaxMetaspaceSize: unlimited
CompressedClassSpaceSize: 1.00 GB
Initial GC threshold: 21.00 MB
Current GC threshold: 21.00 MB
CDS: on
 - commit_granule_bytes: 65536.
 - commit_granule_words: 8192.
 - virtual_space_node_default_size: 8388608.
 - enlarge_chunks_in_place: 1.
 - use_allocation_guard: 0.


Internal statistics:

num_allocs_failed_limit: 0.
num_arena_births: 150.
num_arena_deaths: 0.
num_vsnodes_births: 2.
num_vsnodes_deaths: 0.
num_space_committed: 260.
num_space_uncommitted: 0.
num_chunks_returned_to_freelist: 0.
num_chunks_taken_from_freelist: 705.
num_chunk_merges: 0.
num_chunk_splits: 496.
num_chunks_enlarged: 399.
num_inconsistent_stats: 0.

CodeHeap 'non-profiled nmethods': size=120000Kb used=2465Kb max_used=2465Kb free=117534Kb
 bounds [0x0000019a49f20000, 0x0000019a4a190000, 0x0000019a51450000]
CodeHeap 'profiled nmethods': size=120000Kb used=9836Kb max_used=9836Kb free=110163Kb
 bounds [0x0000019a42450000, 0x0000019a42df0000, 0x0000019a49980000]
CodeHeap 'non-nmethods': size=5760Kb used=1399Kb max_used=1473Kb free=4361Kb
 bounds [0x0000019a49980000, 0x0000019a49bf0000, 0x0000019a49f20000]
 total_blobs=5104 nmethods=4612 adapters=396
 compilation: enabled
              stopped_count=0, restarted_count=0
 full_count=0

Compilation events (20 events):
Event: 7.866 Thread 0x0000019a58f1ef40 nmethod 4583 0x0000019a4a178610 code [0x0000019a4a1787a0, 0x0000019a4a1788b8]
Event: 7.866 Thread 0x0000019a58f1ef40 4584       1       org.apache.maven.model.Parent::setArtifactId (6 bytes)
Event: 7.866 Thread 0x0000019a58f1ef40 nmethod 4584 0x0000019a4a178910 code [0x0000019a4a178aa0, 0x0000019a4a178bb8]
Event: 7.866 Thread 0x0000019a58f1ef40 4585       3       org.apache.maven.repository.internal.DefaultModelResolver::addRepository (77 bytes)
Event: 7.867 Thread 0x0000019a58f1ef40 nmethod 4585 0x0000019a42dd3590 code [0x0000019a42dd37e0, 0x0000019a42dd40d8]
Event: 7.867 Thread 0x0000019a58f1ef40 4586       1       org.apache.maven.model.Model::setIssueManagement (6 bytes)
Event: 7.867 Thread 0x0000019a58f1ef40 nmethod 4586 0x0000019a4a178c10 code [0x0000019a4a178da0, 0x0000019a4a178ec0]
Event: 7.868 Thread 0x0000019a58f1ef40 4587       3       org.apache.maven.model.merge.ModelMerger::mergeReportPlugin_GroupId (41 bytes)
Event: 7.868 Thread 0x0000019a58f1ef40 nmethod 4587 0x0000019a42dd4410 code [0x0000019a42dd45e0, 0x0000019a42dd4a18]
Event: 7.868 Thread 0x0000019a58f1ef40 4588       3       org.apache.maven.model.merge.ModelMerger::mergeReportPlugin_ArtifactId (41 bytes)
Event: 7.869 Thread 0x0000019a58f1ef40 nmethod 4588 0x0000019a42dd4b90 code [0x0000019a42dd4d60, 0x0000019a42dd5198]
Event: 7.880 Thread 0x0000019a58f1ef40 4589       3       org.codehaus.plexus.util.StringUtils::isBlank (43 bytes)
Event: 7.881 Thread 0x0000019a58f1ef40 nmethod 4589 0x0000019a42dd5310 code [0x0000019a42dd5580, 0x0000019a42dd5f98]
Event: 7.883 Thread 0x0000019a58f1ef40 4591       3       org.eclipse.aether.internal.impl.collect.DefaultDependencyCycle::find (138 bytes)
Event: 7.884 Thread 0x0000019a58f1ef40 nmethod 4591 0x0000019a42dd6390 code [0x0000019a42dd6600, 0x0000019a42dd7058]
Event: 7.884 Thread 0x0000019a58f1ef40 4593       3       org.eclipse.aether.internal.impl.collect.DependencyCollectorDelegate::createVersionRangeRequest (43 bytes)
Event: 7.884 Thread 0x0000019a58f1ef40 nmethod 4593 0x0000019a42dd7410 code [0x0000019a42dd7640, 0x0000019a42dd7f08]
Event: 7.885 Thread 0x0000019a58f1ef40 4594       3       org.eclipse.aether.internal.impl.collect.DependencyCollectorDelegate::cachedResolveRangeResult (45 bytes)
Event: 7.885 Thread 0x0000019a58f1ef40 nmethod 4594 0x0000019a42dd8190 code [0x0000019a42dd83a0, 0x0000019a42dd8920]
Event: 7.885 Thread 0x0000019a58f1ef40 4590       3       org.eclipse.aether.internal.impl.collect.df.NodeStack::top (40 bytes)

GC Heap History (6 events):
Event: 0.784 GC heap before
{Heap before GC invocations=0 (full 0):
 garbage-first heap   total 258048K, used 12288K [0x0000000705600000, 0x0000000800000000)
  region size 2048K, 6 young (12288K), 0 survivors (0K)
 Metaspace       used 3331K, committed 3520K, reserved 1114112K
  class space    used 339K, committed 448K, reserved 1048576K
}
Event: 0.797 GC heap after
{Heap after GC invocations=1 (full 0):
 garbage-first heap   total 258048K, used 3179K [0x0000000705600000, 0x0000000800000000)
  region size 2048K, 1 young (2048K), 1 survivors (2048K)
 Metaspace       used 3331K, committed 3520K, reserved 1114112K
  class space    used 339K, committed 448K, reserved 1048576K
}
Event: 1.356 GC heap before
{Heap before GC invocations=1 (full 0):
 garbage-first heap   total 258048K, used 13419K [0x0000000705600000, 0x0000000800000000)
  region size 2048K, 6 young (12288K), 1 survivors (2048K)
 Metaspace       used 5629K, committed 5824K, reserved 1114112K
  class space    used 649K, committed 768K, reserved 1048576K
}
Event: 1.359 GC heap after
{Heap after GC invocations=2 (full 0):
 garbage-first heap   total 258048K, used 4021K [0x0000000705600000, 0x0000000800000000)
  region size 2048K, 1 young (2048K), 1 survivors (2048K)
 Metaspace       used 5629K, committed 5824K, reserved 1114112K
  class space    used 649K, committed 768K, reserved 1048576K
}
Event: 2.676 GC heap before
{Heap before GC invocations=2 (full 0):
 garbage-first heap   total 258048K, used 38837K [0x0000000705600000, 0x0000000800000000)
  region size 2048K, 19 young (38912K), 1 survivors (2048K)
 Metaspace       used 10883K, committed 11136K, reserved 1114112K
  class space    used 1288K, committed 1408K, reserved 1048576K
}
Event: 2.684 GC heap after
{Heap after GC invocations=3 (full 0):
 garbage-first heap   total 258048K, used 5821K [0x0000000705600000, 0x0000000800000000)
  region size 2048K, 2 young (4096K), 2 survivors (4096K)
 Metaspace       used 10883K, committed 11136K, reserved 1114112K
  class space    used 1288K, committed 1408K, reserved 1048576K
}

Dll operation events (8 events):
Event: 0.009 Loaded shared library C:\Program Files\Java\jdk-21\bin\java.dll
Event: 0.045 Loaded shared library C:\Program Files\Java\jdk-21\bin\jsvml.dll
Event: 0.087 Loaded shared library C:\Program Files\Java\jdk-21\bin\net.dll
Event: 0.090 Loaded shared library C:\Program Files\Java\jdk-21\bin\nio.dll
Event: 0.096 Loaded shared library C:\Program Files\Java\jdk-21\bin\zip.dll
Event: 0.277 Loaded shared library C:\Program Files\Java\jdk-21\bin\jimage.dll
Event: 0.278 Loaded shared library C:\Users\Big_Dream\.m2\wrapper\dists\apache-maven-3.9.12\6068d197\lib\jansi-native\Windows\x86_64\jansi.dll
Event: 0.298 Loaded shared library C:\Program Files\Java\jdk-21\bin\verify.dll

Deoptimization events (20 events):
Event: 7.176 Thread 0x0000019a387e30a0 Uncommon trap: trap_request=0xffffffde fr.pc=0x0000019a49f70a88 relative=0x0000000000000f08
Event: 7.176 Thread 0x0000019a387e30a0 Uncommon trap: reason=class_check action=maybe_recompile pc=0x0000019a49f70a88 method=java.util.concurrent.ConcurrentHashMap.putVal(Ljava/lang/Object;Ljava/lang/Object;Z)Ljava/lang/Object; @ 242 c2
Event: 7.176 Thread 0x0000019a387e30a0 DEOPT PACKING pc=0x0000019a49f70a88 sp=0x00000085580fc180
Event: 7.176 Thread 0x0000019a387e30a0 DEOPT UNPACKING pc=0x0000019a499d46a2 sp=0x00000085580fc0f0 mode 2
Event: 7.194 Thread 0x0000019a387e30a0 Uncommon trap: trap_request=0xffffffc6 fr.pc=0x0000019a4a153920 relative=0x0000000000000720
Event: 7.194 Thread 0x0000019a387e30a0 Uncommon trap: reason=bimorphic_or_optimized_type_check action=maybe_recompile pc=0x0000019a4a153920 method=java.util.regex.Matcher.search(I)Z @ 121 c2
Event: 7.194 Thread 0x0000019a387e30a0 DEOPT PACKING pc=0x0000019a4a153920 sp=0x00000085580fbe60
Event: 7.194 Thread 0x0000019a387e30a0 DEOPT UNPACKING pc=0x0000019a499d46a2 sp=0x00000085580fbe30 mode 2
Event: 7.225 Thread 0x0000019a387e30a0 Uncommon trap: trap_request=0xffffffc6 fr.pc=0x0000019a4a153920 relative=0x0000000000000720
Event: 7.225 Thread 0x0000019a387e30a0 Uncommon trap: reason=bimorphic_or_optimized_type_check action=maybe_recompile pc=0x0000019a4a153920 method=java.util.regex.Matcher.search(I)Z @ 121 c2
Event: 7.225 Thread 0x0000019a387e30a0 DEOPT PACKING pc=0x0000019a4a153920 sp=0x00000085580fb9e0
Event: 7.225 Thread 0x0000019a387e30a0 DEOPT UNPACKING pc=0x0000019a499d46a2 sp=0x00000085580fb9b0 mode 2
Event: 7.241 Thread 0x0000019a387e30a0 Uncommon trap: trap_request=0xffffffc6 fr.pc=0x0000019a4a153920 relative=0x0000000000000720
Event: 7.241 Thread 0x0000019a387e30a0 Uncommon trap: reason=bimorphic_or_optimized_type_check action=maybe_recompile pc=0x0000019a4a153920 method=java.util.regex.Matcher.search(I)Z @ 121 c2
Event: 7.241 Thread 0x0000019a387e30a0 DEOPT PACKING pc=0x0000019a4a153920 sp=0x00000085580fb9e0
Event: 7.241 Thread 0x0000019a387e30a0 DEOPT UNPACKING pc=0x0000019a499d46a2 sp=0x00000085580fb9b0 mode 2
Event: 7.257 Thread 0x0000019a387e30a0 Uncommon trap: trap_request=0xffffff6e fr.pc=0x0000019a4a0fb93c relative=0x00000000000006bc
Event: 7.257 Thread 0x0000019a387e30a0 Uncommon trap: reason=loop_limit_check action=maybe_recompile pc=0x0000019a4a0fb93c method=java.util.regex.Pattern$Start.match(Ljava/util/regex/Matcher;ILjava/lang/CharSequence;)Z @ 34 c2
Event: 7.257 Thread 0x0000019a387e30a0 DEOPT PACKING pc=0x0000019a4a0fb93c sp=0x00000085580fb910
Event: 7.257 Thread 0x0000019a387e30a0 DEOPT UNPACKING pc=0x0000019a499d46a2 sp=0x00000085580fb890 mode 2

Classes loaded (20 events):
Event: 3.702 Loading class java/util/AbstractMap$2$1
Event: 3.702 Loading class java/util/AbstractMap$2$1 done
Event: 3.854 Loading class java/util/StringTokenizer
Event: 3.854 Loading class java/util/StringTokenizer done
Event: 3.869 Loading class sun/invoke/util/ValueConversions$1
Event: 3.869 Loading class sun/invoke/util/ValueConversions$1 done
Event: 3.870 Loading class java/lang/invoke/BoundMethodHandle$Species_LI
Event: 3.870 Loading class java/lang/invoke/BoundMethodHandle$Species_LI done
Event: 3.925 Loading class java/util/stream/Streams$RangeIntSpliterator
Event: 3.925 Loading class java/util/stream/Streams$RangeIntSpliterator done
Event: 4.930 Loading class java/util/stream/MatchOps$MatchKind
Event: 4.930 Loading class java/util/stream/MatchOps$MatchKind done
Event: 4.930 Loading class java/util/stream/MatchOps
Event: 4.931 Loading class java/util/stream/MatchOps done
Event: 4.931 Loading class java/util/stream/MatchOps$MatchOp
Event: 4.931 Loading class java/util/stream/MatchOps$MatchOp done
Event: 4.931 Loading class java/util/stream/MatchOps$BooleanTerminalSink
Event: 4.931 Loading class java/util/stream/MatchOps$BooleanTerminalSink done
Event: 4.932 Loading class java/util/stream/MatchOps$1MatchSink
Event: 4.932 Loading class java/util/stream/MatchOps$1MatchSink done

Classes unloaded (0 events):
No events

Classes redefined (0 events):
No events

Internal exceptions (20 events):
Event: 1.016 Thread 0x0000019a387e30a0 Exception <a 'java/lang/NoSuchMethodError'{0x0000000714ff6bb0}: 'int java.lang.invoke.DirectMethodHandle$Holder.invokeSpecialIFC(java.lang.Object, java.lang.Object, java.lang.Object, java.lang.Object, java.lang.Object)'> (0x0000000714ff6bb0) 
thrown [s\open\src\hotspot\share\interpreter\linkResolver.cpp, line 773]
Event: 1.125 Thread 0x0000019a387e30a0 Exception <a 'java/lang/NoSuchMethodError'{0x0000000714d96750}: 'java.lang.Object java.lang.invoke.DirectMethodHandle$Holder.newInvokeSpecial(java.lang.Object, java.lang.Object, java.lang.Object, java.lang.Object, java.lang.Object)'> (0x0000000714d96750) 
thrown [s\open\src\hotspot\share\interpreter\linkResolver.cpp, line 773]
Event: 1.197 Thread 0x0000019a387e30a0 Exception <a 'java/lang/NoSuchMethodError'{0x0000000714ab7f10}: 'int java.lang.invoke.DirectMethodHandle$Holder.invokeStaticInit(java.lang.Object, java.lang.Object)'> (0x0000000714ab7f10) 
thrown [s\open\src\hotspot\share\interpreter\linkResolver.cpp, line 773]
Event: 1.217 Thread 0x0000019a387e30a0 Exception <a 'java/lang/NoClassDefFoundError'{0x0000000714af02e0}: javax/enterprise/inject/Typed> (0x0000000714af02e0) 
thrown [s\open\src\hotspot\share\classfile\systemDictionary.cpp, line 301]
Event: 2.624 Thread 0x0000019a387e30a0 Exception <a 'java/lang/NoSuchMethodError'{0x0000000712cf6e28}: 'void java.lang.invoke.DirectMethodHandle$Holder.invokeStaticInit(java.lang.Object, java.lang.Object, java.lang.Object)'> (0x0000000712cf6e28) 
thrown [s\open\src\hotspot\share\interpreter\linkResolver.cpp, line 773]
Event: 2.639 Thread 0x0000019a387e30a0 Implicit null exception at 0x0000019a49fd1c60 to 0x0000019a49fd1e64
Event: 2.642 Thread 0x0000019a387e30a0 Exception <a 'java/lang/NoSuchMethodError'{0x0000000712d68448}: 'java.lang.Object java.lang.invoke.Invokers$Holder.invokeExact_MT(java.lang.Object, int, java.lang.Object)'> (0x0000000712d68448) 
thrown [s\open\src\hotspot\share\interpreter\linkResolver.cpp, line 773]
Event: 3.092 Thread 0x0000019a387e30a0 Exception <a 'java/lang/NoSuchMethodError'{0x0000000714bd4040}: 'void java.lang.invoke.Invokers$Holder.invokeExact_MT(java.lang.Object, java.lang.Object, java.lang.Object, java.lang.Object)'> (0x0000000714bd4040) 
thrown [s\open\src\hotspot\share\interpreter\linkResolver.cpp, line 773]
Event: 3.126 Thread 0x0000019a387e30a0 Exception <a 'java/lang/NoClassDefFoundError'{0x00000007148646e8}: com/google/inject/servlet/ServletModuleTargetVisitor> (0x00000007148646e8) 
thrown [s\open\src\hotspot\share\classfile\systemDictionary.cpp, line 301]
Event: 3.423 Thread 0x0000019a387e30a0 Exception <a 'java/lang/NoSuchMethodError'{0x00000007146c05e8}: 'java.lang.Object java.lang.invoke.DirectMethodHandle$Holder.invokeStaticInit(java.lang.Object, int, int, int, int)'> (0x00000007146c05e8) 
thrown [s\open\src\hotspot\share\interpreter\linkResolver.cpp, line 773]
Event: 3.649 Thread 0x0000019a387e30a0 Implicit null exception at 0x0000019a49f538a4 to 0x0000019a49f53f3c
Event: 3.649 Thread 0x0000019a387e30a0 Implicit null exception at 0x0000019a49f4dca0 to 0x0000019a49f4e33c
Event: 3.718 Thread 0x0000019a387e30a0 Exception <a 'java/lang/NoSuchMethodError'{0x000000071433bb98}: 'void java.lang.invoke.DirectMethodHandle$Holder.invokeSpecial(java.lang.Object, java.lang.Object, java.lang.Object, java.lang.Object, java.lang.Object, java.lang.Object)'> (0x000000071433bb98) 
thrown [s\open\src\hotspot\share\interpreter\linkResolver.cpp, line 773]
Event: 3.769 Thread 0x0000019a387e30a0 Exception <a 'java/lang/NoSuchMethodError'{0x00000007140791e0}: 'java.lang.Object java.lang.invoke.DirectMethodHandle$Holder.invokeVirtual(java.lang.Object, java.lang.Object, java.lang.Object)'> (0x00000007140791e0) 
thrown [s\open\src\hotspot\share\interpreter\linkResolver.cpp, line 773]
Event: 3.868 Thread 0x0000019a387e30a0 Exception <a 'java/lang/NoSuchMethodError'{0x00000007141f1da0}: 'void java.lang.invoke.DirectMethodHandle$Holder.invokeVirtual(java.lang.Object, java.lang.Object, int)'> (0x00000007141f1da0) 
thrown [s\open\src\hotspot\share\interpreter\linkResolver.cpp, line 773]
Event: 3.869 Thread 0x0000019a387e30a0 Exception <a 'java/lang/NoSuchMethodError'{0x00000007141f5f08}: 'int java.lang.invoke.DirectMethodHandle$Holder.invokeSpecial(java.lang.Object, java.lang.Object, java.lang.Object, int)'> (0x00000007141f5f08) 
thrown [s\open\src\hotspot\share\interpreter\linkResolver.cpp, line 773]
Event: 3.873 Thread 0x0000019a387e30a0 Exception <a 'java/lang/NoSuchMethodError'{0x0000000713e08ad0}: 'java.lang.Object java.lang.invoke.DirectMethodHandle$Holder.invokeStatic(java.lang.Object, java.lang.Object, java.lang.Object, java.lang.Object, int)'> (0x0000000713e08ad0) 
thrown [s\open\src\hotspot\share\interpreter\linkResolver.cpp, line 773]
Event: 3.875 Thread 0x0000019a387e30a0 Exception <a 'java/lang/NoSuchMethodError'{0x0000000713e108d0}: 'void java.lang.invoke.DirectMethodHandle$Holder.invokeSpecial(java.lang.Object, java.lang.Object, java.lang.Object, int)'> (0x0000000713e108d0) 
thrown [s\open\src\hotspot\share\interpreter\linkResolver.cpp, line 773]
Event: 3.875 Thread 0x0000019a387e30a0 Exception <a 'java/lang/NoSuchMethodError'{0x0000000713e13fa0}: 'void java.lang.invoke.DelegatingMethodHandle$Holder.reinvoke_L(java.lang.Object, java.lang.Object, int)'> (0x0000000713e13fa0) 
thrown [s\open\src\hotspot\share\interpreter\linkResolver.cpp, line 773]
Event: 5.413 Thread 0x0000019a387e30a0 Exception <a 'java/lang/NoSuchMethodError'{0x00000007119389c0}: 'void java.lang.invoke.DirectMethodHandle$Holder.invokeStatic(java.lang.Object, java.lang.Object, java.lang.Object, java.lang.Object)'> (0x00000007119389c0) 
thrown [s\open\src\hotspot\share\interpreter\linkResolver.cpp, line 773]

ZGC Phase Switch (0 events):
No events

VM Operations (20 events):
Event: 3.346 Executing VM operation: HandshakeAllThreads (Deoptimize)
Event: 3.346 Executing VM operation: HandshakeAllThreads (Deoptimize) done
Event: 3.419 Executing VM operation: ICBufferFull
Event: 3.419 Executing VM operation: ICBufferFull done
Event: 3.462 Executing VM operation: HandshakeAllThreads (Deoptimize)
Event: 3.462 Executing VM operation: HandshakeAllThreads (Deoptimize) done
Event: 3.574 Executing VM operation: HandshakeAllThreads (Deoptimize)
Event: 3.574 Executing VM operation: HandshakeAllThreads (Deoptimize) done
Event: 3.575 Executing VM operation: HandshakeAllThreads (Deoptimize)
Event: 3.575 Executing VM operation: HandshakeAllThreads (Deoptimize) done
Event: 4.173 Executing VM operation: ICBufferFull
Event: 4.174 Executing VM operation: ICBufferFull done
Event: 5.011 Executing VM operation: ICBufferFull
Event: 5.011 Executing VM operation: ICBufferFull done
Event: 5.775 Executing VM operation: ICBufferFull
Event: 5.775 Executing VM operation: ICBufferFull done
Event: 6.618 Executing VM operation: ICBufferFull
Event: 6.618 Executing VM operation: ICBufferFull done
Event: 7.622 Executing VM operation: Cleanup
Event: 7.623 Executing VM operation: Cleanup done

Events (19 events):
Event: 0.026 Thread 0x0000019a387e30a0 Thread added: 0x0000019a387e30a0
Event: 0.042 Thread 0x0000019a58f0cee0 Thread added: 0x0000019a58f0cee0
Event: 0.042 Thread 0x0000019a58f0e560 Thread added: 0x0000019a58f0e560
Event: 0.043 Thread 0x0000019a58f0ebd0 Thread added: 0x0000019a58f0ebd0
Event: 0.043 Thread 0x0000019a58f0f4c0 Thread added: 0x0000019a58f0f4c0
Event: 0.043 Thread 0x0000019a58f11b40 Thread added: 0x0000019a58f11b40
Event: 0.043 Thread 0x0000019a58f161c0 Thread added: 0x0000019a58f161c0
Event: 0.043 Thread 0x0000019a58f1c070 Thread added: 0x0000019a58f1c070
Event: 0.043 Thread 0x0000019a58f1ef40 Thread added: 0x0000019a58f1ef40
Event: 0.082 Thread 0x0000019a9e1e8dc0 Thread added: 0x0000019a9e1e8dc0
Event: 0.084 Thread 0x0000019a9e1f3610 Thread added: 0x0000019a9e1f3610
Event: 0.273 Thread 0x0000019a9e592bd0 Thread added: 0x0000019a9e592bd0
Event: 0.285 Thread 0x0000019a9e592bd0 Thread exited: 0x0000019a9e592bd0
Event: 1.283 Thread 0x0000019a9e6f49f0 Thread added: 0x0000019a9e6f49f0
Event: 2.630 Thread 0x0000019a9e6f49f0 Thread exited: 0x0000019a9e6f49f0
Event: 3.106 Thread 0x0000019a9f21e330 Thread added: 0x0000019a9f21e330
Event: 3.433 Thread 0x0000019a9f21e330 Thread exited: 0x0000019a9f21e330
Event: 3.506 Thread 0x0000019a9f21e330 Thread added: 0x0000019a9f21e330
Event: 3.656 Thread 0x0000019a9f35e790 Thread added: 0x0000019a9f35e790


Dynamic libraries:
0x00007ff66b1f0000 - 0x00007ff66b200000 	C:\Program Files\Java\jdk-21\bin\java.exe
0x00007ff8315d0000 - 0x00007ff8317c8000 	C:\Windows\SYSTEM32\ntdll.dll
0x00007ff82f8b0000 - 0x00007ff82f972000 	C:\Windows\System32\KERNEL32.DLL
0x00007ff82f2f0000 - 0x00007ff82f5e6000 	C:\Windows\System32\KERNELBASE.dll
0x00007ff82ec60000 - 0x00007ff82ed60000 	C:\Windows\System32\ucrtbase.dll
0x00007ff821430000 - 0x00007ff82144b000 	C:\Program Files\Java\jdk-21\bin\VCRUNTIME140.dll
0x00007ff821410000 - 0x00007ff821429000 	C:\Program Files\Java\jdk-21\bin\jli.dll
0x00007ff82f980000 - 0x00007ff82fa31000 	C:\Windows\System32\ADVAPI32.dll
0x00007ff82fa50000 - 0x00007ff82faee000 	C:\Windows\System32\msvcrt.dll
0x00007ff82fbc0000 - 0x00007ff82fc5f000 	C:\Windows\System32\sechost.dll
0x00007ff82f5f0000 - 0x00007ff82f710000 	C:\Windows\System32\RPCRT4.dll
0x00007ff82edb0000 - 0x00007ff82edd7000 	C:\Windows\System32\bcrypt.dll
0x00007ff8313e0000 - 0x00007ff831581000 	C:\Windows\System32\USER32.dll
0x00007ff82f170000 - 0x00007ff82f192000 	C:\Windows\System32\win32u.dll
0x00007ff81afe0000 - 0x00007ff81b27b000 	C:\Windows\WinSxS\amd64_microsoft.windows.common-controls_6595b64144ccf1df_6.0.19041.6456_none_60b8a6cb71f64256\COMCTL32.dll
0x00007ff830300000 - 0x00007ff83032b000 	C:\Windows\System32\GDI32.dll
0x00007ff82f050000 - 0x00007ff82f169000 	C:\Windows\System32\gdi32full.dll
0x00007ff82f1a0000 - 0x00007ff82f23d000 	C:\Windows\System32\msvcp_win.dll
0x00007ff824930000 - 0x00007ff82493a000 	C:\Windows\SYSTEM32\VERSION.dll
0x00007ff831130000 - 0x00007ff83115f000 	C:\Windows\System32\IMM32.DLL
0x00007ff82aa40000 - 0x00007ff82aa4c000 	C:\Program Files\Java\jdk-21\bin\vcruntime140_1.dll
0x00007ffff5550000 - 0x00007ffff55de000 	C:\Program Files\Java\jdk-21\bin\msvcp140.dll
0x00007fffac6e0000 - 0x00007fffad3fd000 	C:\Program Files\Java\jdk-21\bin\server\jvm.dll
0x00007ff82fb50000 - 0x00007ff82fbbb000 	C:\Windows\System32\WS2_32.dll
0x00007ff82e160000 - 0x00007ff82e1ab000 	C:\Windows\SYSTEM32\POWRPROF.dll
0x00007ff816f50000 - 0x00007ff816f77000 	C:\Windows\SYSTEM32\WINMM.dll
0x00007ff82e020000 - 0x00007ff82e032000 	C:\Windows\SYSTEM32\UMPDC.dll
0x00007ff82d6a0000 - 0x00007ff82d6b2000 	C:\Windows\SYSTEM32\kernel.appcore.dll
0x00007ff828840000 - 0x00007ff82884a000 	C:\Program Files\Java\jdk-21\bin\jimage.dll
0x00007ff82d120000 - 0x00007ff82d321000 	C:\Windows\SYSTEM32\DBGHELP.DLL
0x00007ff814bb0000 - 0x00007ff814be4000 	C:\Windows\SYSTEM32\dbgcore.DLL
0x00007ff82ede0000 - 0x00007ff82ee62000 	C:\Windows\System32\bcryptPrimitives.dll
0x00007ff8213f0000 - 0x00007ff82140f000 	C:\Program Files\Java\jdk-21\bin\java.dll
0x00007ff8307b0000 - 0x00007ff830f20000 	C:\Windows\System32\SHELL32.dll
0x00007ff82c8a0000 - 0x00007ff82d045000 	C:\Windows\SYSTEM32\windows.storage.dll
0x00007ff830450000 - 0x00007ff8307a4000 	C:\Windows\System32\combase.dll
0x00007ff82e5b0000 - 0x00007ff82e5db000 	C:\Windows\SYSTEM32\Wldp.dll
0x00007ff831310000 - 0x00007ff8313dd000 	C:\Windows\System32\OLEAUT32.dll
0x00007ff830fa0000 - 0x00007ff83104d000 	C:\Windows\System32\SHCORE.dll
0x00007ff82f720000 - 0x00007ff82f77b000 	C:\Windows\System32\shlwapi.dll
0x00007ff82eb90000 - 0x00007ff82ebb4000 	C:\Windows\SYSTEM32\profapi.dll
0x00007ffff17d0000 - 0x00007ffff18a7000 	C:\Program Files\Java\jdk-21\bin\jsvml.dll
0x00007ff827970000 - 0x00007ff827980000 	C:\Program Files\Java\jdk-21\bin\net.dll
0x00007ff823b20000 - 0x00007ff823c2a000 	C:\Windows\SYSTEM32\WINHTTP.dll
0x00007ff82e390000 - 0x00007ff82e3fa000 	C:\Windows\system32\mswsock.dll
0x00007ff8213d0000 - 0x00007ff8213e6000 	C:\Program Files\Java\jdk-21\bin\nio.dll
0x00007ff821330000 - 0x00007ff821348000 	C:\Program Files\Java\jdk-21\bin\zip.dll
0x00007ff807980000 - 0x00007ff8079a4000 	C:\Users\Big_Dream\.m2\wrapper\dists\apache-maven-3.9.12\6068d197\lib\jansi-native\Windows\x86_64\jansi.dll
0x00007ff827160000 - 0x00007ff827170000 	C:\Program Files\Java\jdk-21\bin\verify.dll

dbghelp: loaded successfully - version: 4.0.5 - missing functions: none
symbol engine: initialized successfully - sym options: 0x614 - pdb path: .;C:\Program Files\Java\jdk-21\bin;C:\Windows\SYSTEM32;C:\Windows\WinSxS\amd64_microsoft.windows.common-controls_6595b64144ccf1df_6.0.19041.6456_none_60b8a6cb71f64256;C:\Program Files\Java\jdk-21\bin\server;C:\Users\Big_Dream\.m2\wrapper\dists\apache-maven-3.9.12\6068d197\lib\jansi-native\Windows\x86_64

VM Arguments:
jvm_args: --add-opens=java.base/java.lang=ALL-UNNAMED --enable-native-access=ALL-UNNAMED -Dclassworlds.conf=C:/Users/Big_Dream/.m2/wrapper/dists/apache-maven-3.9.12/6068d197/bin/m2.conf -Dmaven.home=C:/Users/Big_Dream/.m2/wrapper/dists/apache-maven-3.9.12/6068d197 -Dlibrary.jansi.path=C:/Users/Big_Dream/.m2/wrapper/dists/apache-maven-3.9.12/6068d197/lib/jansi-native -Dmaven.multiModuleProjectDirectory=D:/java-application-ecom/gateway 
java_command: org.codehaus.plexus.classworlds.launcher.Launcher clean package -DskipTests
java_class_path (initial): C:/Users/Big_Dream/.m2/wrapper/dists/apache-maven-3.9.12/6068d197/boot/plexus-classworlds-2.9.0.jar
Launcher Type: SUN_STANDARD

[Global flags]
     intx CICompilerCount                          = 3                                         {product} {ergonomic}
     uint ConcGCThreads                            = 1                                         {product} {ergonomic}
     uint G1ConcRefinementThreads                  = 4                                         {product} {ergonomic}
   size_t G1HeapRegionSize                         = 2097152                                   {product} {ergonomic}
    uintx GCDrainStackTargetSize                   = 64                                        {product} {ergonomic}
   size_t InitialHeapSize                          = 264241152                                 {product} {ergonomic}
   size_t MarkStackSize                            = 4194304                                   {product} {ergonomic}
   size_t MaxHeapSize                              = 4204789760                                {product} {ergonomic}
   size_t MaxNewSize                               = 2522873856                                {product} {ergonomic}
   size_t MinHeapDeltaBytes                        = 2097152                                   {product} {ergonomic}
   size_t MinHeapSize                              = 8388608                                   {product} {ergonomic}
    uintx NonNMethodCodeHeapSize                   = 5832780                                {pd product} {ergonomic}
    uintx NonProfiledCodeHeapSize                  = 122912730                              {pd product} {ergonomic}
    uintx ProfiledCodeHeapSize                     = 122912730                              {pd product} {ergonomic}
    uintx ReservedCodeCacheSize                    = 251658240                              {pd product} {ergonomic}
     bool SegmentedCodeCache                       = true                                      {product} {ergonomic}
   size_t SoftMaxHeapSize                          = 4204789760                             {manageable} {ergonomic}
     bool UseCompressedOops                        = true                           {product lp64_product} {ergonomic}
     bool UseG1GC                                  = true                                      {product} {ergonomic}
     bool UseLargePagesIndividualAllocation        = false                                  {pd product} {ergonomic}

Logging:
Log output configuration:
 #0: stdout all=warning uptime,level,tags foldmultilines=false
 #1: stderr all=off uptime,level,tags foldmultilines=false

Environment Variables:
JAVA_HOME=C:/Program Files/Java/jdk-21
PATH=C:\Program Files\Git\mingw64\bin;C:\Program Files\Git\usr\bin;C:\Users\Big_Dream\bin;C:\Program Files\Common Files\Oracle\Java\javapath;C:\Program Files (x86)\Common Files\Oracle\Java\java8path;C:\Program Files (x86)\Common Files\Oracle\Java\javapath;C:\Program Files\Java\jdk-25\bin;C:\Windows\system32;C:\Windows;C:\Windows\System32\Wbem;C:\Windows\System32\WindowsPowerShell\v1.0;C:\Windows\System32\OpenSSH;C:\Program Files\Git\cmd;C:\Program Files\nodejs;C:\Program Files\Go\bin;C:\Program Files\dotnet;C:\Program Files\PostgreSQL\17\bin;%MEVAN_HOME%\bin;C:\Program Files\MongoDB\Server\8.0\bin;C:\Program Files\mongosh;C:\BuildTools\apache-maven-3.9.11\bin;C:\Program Files\Neovim\bin;C:\Program Files\Docker\Docker\resources\bin;C:\Program Files\cursor\resources\app\bin;C:\BuildTools\apache-maven-3.9.11\bin;C:\Users\Big_Dream\AppData\Roaming\npm;C:\Users\Big_Dream\go\bin;C:\Users\Big_Dream\AppData\Local\Programs\Hyper\resources\bin;C:\Program Files\JetBrains\IntelliJ IDEA Community Edition 2024.3\bin;C:\Users\Big_Dream\.dotnet\tools;C:\Users\Big_Dream\AppData\Local\Android\Sdk\platform-tools;C:\sqlite;C:\Users\Big_Dream\AppData\Local\Programs\Microsoft VS Code\bin;C:\Program Files\JetBrains\WebStorm 2024.3.5\bin;%GoLand%;C:\Program Files\mongosh;C:\xampp\php;C:\Users\Big_Dream\composer;C:\Users\Big_Dream\AppData\Roaming\Composer\vendor\bin;C:\Program Files\JetBrains\IntelliJ IDEA Community Edition 2024.3\bin;C:\Program Files\JetBrains\IntelliJ IDEA 2025.1.3\bin
USERNAME=Big_Dream
TERM=xterm-256color
OS=Windows_NT
PROCESSOR_IDENTIFIER=Intel64 Family 6 Model 78 Stepping 3, GenuineIntel
TMP=C:\Users\BIG_DR~1\AppData\Local\Temp
TEMP=C:\Users\BIG_DR~1\AppData\Local\Temp




Periodic native trim disabled

---------------  S Y S T E M  ---------------

OS:
 Windows 10 , 64 bit Build 19041 (10.0.19041.5915)
OS uptime: 5 days 12:32 hours
Hyper-V role detected

CPU: total 4 (initial active 4) (2 cores per cpu, 2 threads per core) family 6 model 78 stepping 3 microcode 0xec, cx8, cmov, fxsr, ht, mmx, 3dnowpref, sse, sse2, sse3, ssse3, sse4.1, sse4.2, popcnt, lzcnt, tsc, tscinvbit, avx, avx2, aes, erms, clmul, bmi1, bmi2, rtm, adx, fma, vzeroupper, clflush, clflushopt, hv, rdtscp, f16c
Processor Information for all 4 processors :
  Max Mhz: 2501, Current Mhz: 2501, Mhz Limit: 2501

Memory: 4k page, system-wide physical 16038M (2116M free)
TotalPageFile size 38711M (AvailPageFile size 7M)
current process WorkingSet (physical memory assigned to process): 235M, peak: 237M
current process commit charge ("private bytes"): 383M, peak: 390M

vm_info: Java HotSpot(TM) 64-Bit Server VM (21.0.9+7-LTS-338) for windows-amd64 JRE (21.0.9+7-LTS-338), built on 2025-09-26T06:33:49Z by "mach5run" with MS VC++ 17.6 (VS2022)

END.
