2026-02-07T23:07:45.405+04:30  INFO 21388 --- [user-service] [main] com.ecomerece.user.UserApplication       : Starting UserApplication using Java 25 with PID 21388 (D:\java-application-ecom\user\target\classes started by Big_Dream in D:\java-application-ecom)
2026-02-07T23:07:45.409+04:30 DEBUG 21388 --- [user-service] [main] com.ecomerece.user.UserApplication       : Running with Spring Boot v4.0.0, Spring v7.0.1
2026-02-07T23:07:45.411+04:30  INFO 21388 --- [user-service] [main] com.ecomerece.user.UserApplication       : The following 1 profile is active: "native"
2026-02-07T23:07:45.484+04:30  INFO 21388 --- [user-service] [main] o.s.c.c.c.ConfigServerConfigDataLoader   : Fetching config from server at : http://localhost:8888
2026-02-07T23:07:45.491+04:30  INFO 21388 --- [user-service] [main] o.s.c.c.c.ConfigServerConfigDataLoader   : Located environment: name=user-service, profiles=[default], label=null, version=null, state=null
2026-02-07T23:07:45.493+04:30  INFO 21388 --- [user-service] [main] o.s.c.c.c.ConfigServerConfigDataLoader   : Fetching config from server at : http://localhost:8888
2026-02-07T23:07:45.494+04:30  INFO 21388 --- [user-service] [main] o.s.c.c.c.ConfigServerConfigDataLoader   : Located environment: name=user-service, profiles=[native], label=null, version=null, state=null
2026-02-07T23:07:46.907+04:30  INFO 21388 --- [user-service] [main] .s.d.r.c.RepositoryConfigurationDelegate : Bootstrapping Spring Data MongoDB repositories in DEFAULT mode.
2026-02-07T23:07:47.099+04:30  INFO 21388 --- [user-service] [main] .s.d.r.c.RepositoryConfigurationDelegate : Finished Spring Data repository scanning in 179 ms. Found 1 MongoDB repository interface.
2026-02-07T23:07:47.418+04:30  INFO 21388 --- [user-service] [main] o.s.cloud.context.scope.GenericScope     : BeanFactory id=5d372393-f0af-3bc8-a52a-966935c95c7c
2026-02-07T23:07:47.949+04:30  INFO 21388 --- [user-service] [main] o.s.boot.tomcat.TomcatWebServer          : Tomcat initialized with port 8081 (http)
2026-02-07T23:07:47.973+04:30  INFO 21388 --- [user-service] [main] o.apache.catalina.core.StandardService   : Starting service [Tomcat]
2026-02-07T23:07:47.973+04:30  INFO 21388 --- [user-service] [main] o.apache.catalina.core.StandardEngine    : Starting Servlet engine: [Apache Tomcat/11.0.14]
2026-02-07T23:07:48.075+04:30  INFO 21388 --- [user-service] [main] b.w.c.s.WebApplicationContextInitializer : Root WebApplicationContext: initialization completed in 2578 ms
2026-02-07T23:07:48.728+04:30  INFO 21388 --- [user-service] [main] org.mongodb.driver.client                : MongoClient with metadata {"driver": {"name": "mongo-java-driver|spring-boot|sync", "version": "5.6.1"}, "os": {"type": "Windows", "name": "Windows 10", "architecture": "amd64", "version": "10.0"}, "platform": "Java/Oracle Corporation/25+36-3489"} created with settings MongoClientSettings{readPreference=primary, writeConcern=WriteConcern{w=null, wTimeout=null ms, journal=null}, retryWrites=true, retryReads=true, readConcern=ReadConcern{level=null}, credential=null, transportSettings=null, commandListeners=[io.micrometer.core.instrument.binder.mongodb.MongoMetricsCommandListener@11ee671f], codecRegistry=ProvidersCodecRegistry{codecProviders=[ValueCodecProvider{}, BsonValueCodecProvider{}, DBRefCodecProvider{}, DBObjectCodecProvider{}, DocumentCodecProvider{}, CollectionCodecProvider{}, IterableCodecProvider{}, MapCodecProvider{}, GeoJsonCodecProvider{}, GridFSFileCodecProvider{}, Jsr310CodecProvider{}, JsonObjectCodecProvider{}, BsonCodecProvider{}, com.mongodb.client.model.mql.ExpressionCodecProvider@18209303, com.mongodb.Jep395RecordCodecProvider@57df09a7, com.mongodb.KotlinCodecProvider@6aa9a93b, EnumCodecProvider{}]}, loggerSettings=LoggerSettings{maxDocumentLength=1000}, clusterSettings={hosts=[localhost:27017], srvServiceName=mongodb, mode=SINGLE, requiredClusterType=UNKNOWN, requiredReplicaSetName='null', serverSelector='null', clusterListeners='[]', serverSelectionTimeout='30000 ms', localThreshold='15 ms'}, socketSettings=SocketSettings{connectTimeoutMS=10000, readTimeoutMS=0, receiveBufferSize=0, proxySettings=ProxySettings{host=null, port=null, username=null, password=null}}, heartbeatSocketSettings=SocketSettings{connectTimeoutMS=10000, readTimeoutMS=10000, receiveBufferSize=0, proxySettings=ProxySettings{host=null, port=null, username=null, password=null}}, connectionPoolSettings=ConnectionPoolSettings{maxSize=100, minSize=0, maxWaitTimeMS=120000, maxConnectionLifeTimeMS=0, maxConnectionIdleTimeMS=0, maintenanceInitialDelayMS=0, maintenanceFrequencyMS=60000, connectionPoolListeners=[io.micrometer.core.instrument.binder.mongodb.MongoMetricsConnectionPoolListener@81dfdee], maxConnecting=2}, serverSettings=ServerSettings{heartbeatFrequencyMS=10000, minHeartbeatFrequencyMS=500, serverMonitoringMode=AUTO, serverListeners='[]', serverMonitorListeners='[]'}, sslSettings=SslSettings{enabled=false, invalidHostNameAllowed=false, context=null}, applicationName='null', compressorList=[], uuidRepresentation=UNSPECIFIED, serverApi=null, autoEncryptionSettings=null, dnsClient=null, inetAddressResolver=null, contextProvider=null, timeoutMS=null}
2026-02-07T23:07:48.752+04:30  INFO 21388 --- [user-service] [cluster-ClusterId{value='6987867c6e45fa5a44effbf9', description='null'}-localhost:27017] org.mongodb.driver.cluster               : Monitor thread successfully connected to server with description ServerDescription{address=localhost:27017, type=REPLICA_SET_PRIMARY, cryptd=false, state=CONNECTED, ok=true, minWireVersion=0, maxWireVersion=25, maxDocumentSize=16777216, logicalSessionTimeoutMinutes=30, roundTripTimeNanos=45270700, minRoundTripTimeNanos=0, setName='rs0', canonicalAddress=127.0.0.1:27017, hosts=[127.0.0.1:27017], passives=[], arbiters=[], primary='127.0.0.1:27017', tagSet=TagSet{[]}, electionId=7fffffff000000000000002b, setVersion=1, topologyVersion=TopologyVersion{processId=69805b8e1d279dbdb91afa55, counter=6}, lastWriteDate=Sat Feb 07 23:07:38 GMT+04:30 2026, lastUpdateTimeNanos=443940058841300}
2026-02-07T23:07:50.305+04:30  INFO 21388 --- [user-service] [main] DiscoveryClientOptionalArgsConfiguration : Eureka HTTP Client uses RestClient.
2026-02-07T23:07:50.351+04:30  WARN 21388 --- [user-service] [main] iguration$LoadBalancerCaffeineWarnLogger : Spring Cloud LoadBalancer is currently working with the default cache. While this cache implementation is useful for development and tests, it's recommended to use Caffeine cache in production.You can switch to using Caffeine cache, by adding it and org.springframework.cache.caffeine.CaffeineCacheManager to the classpath.
2026-02-07T23:07:50.364+04:30  INFO 21388 --- [user-service] [main] o.s.b.a.e.web.EndpointLinksResolver      : Exposing 17 endpoints beneath base path '/actuator'
2026-02-07T23:07:50.477+04:30  INFO 21388 --- [user-service] [main] o.s.c.n.eureka.InstanceInfoFactory       : Setting initial instance status as: STARTING
2026-02-07T23:07:50.509+04:30  INFO 21388 --- [user-service] [main] com.netflix.discovery.DiscoveryClient    : Initializing Eureka in region us-east-1
2026-02-07T23:07:50.517+04:30  INFO 21388 --- [user-service] [main] c.n.d.s.r.aws.ConfigClusterResolver      : Resolving eureka endpoints via configuration
2026-02-07T23:07:50.532+04:30  INFO 21388 --- [user-service] [main] com.netflix.discovery.DiscoveryClient    : Disable delta property : false
2026-02-07T23:07:50.532+04:30  INFO 21388 --- [user-service] [main] com.netflix.discovery.DiscoveryClient    : Single vip registry refresh property : null
2026-02-07T23:07:50.532+04:30  INFO 21388 --- [user-service] [main] com.netflix.discovery.DiscoveryClient    : Force full registry fetch : false
2026-02-07T23:07:50.532+04:30  INFO 21388 --- [user-service] [main] com.netflix.discovery.DiscoveryClient    : Application is null : false
2026-02-07T23:07:50.533+04:30  INFO 21388 --- [user-service] [main] com.netflix.discovery.DiscoveryClient    : Registered Applications size is zero : true
2026-02-07T23:07:50.533+04:30  INFO 21388 --- [user-service] [main] com.netflix.discovery.DiscoveryClient    : Application version is -1: true
2026-02-07T23:07:50.533+04:30  INFO 21388 --- [user-service] [main] com.netflix.discovery.DiscoveryClient    : Getting all instance registry info from the eureka server
2026-02-07T23:07:50.930+04:30  INFO 21388 --- [user-service] [main] com.netflix.discovery.DiscoveryClient    : The response status is 200
2026-02-07T23:07:50.933+04:30  INFO 21388 --- [user-service] [main] com.netflix.discovery.DiscoveryClient    : Starting heartbeat executor: renew interval is: 30
2026-02-07T23:07:50.935+04:30  INFO 21388 --- [user-service] [main] c.n.discovery.InstanceInfoReplicator     : InstanceInfoReplicator onDemand update allowed rate per min is 4
2026-02-07T23:07:50.937+04:30  INFO 21388 --- [user-service] [main] com.netflix.discovery.DiscoveryClient    : Discovery Client initialized at timestamp 1770489470937 with initial instances count: 1
2026-02-07T23:07:50.941+04:30  INFO 21388 --- [user-service] [main] o.s.c.n.e.s.EurekaServiceRegistry        : Registering application USER-SERVICE with eureka with status UP
2026-02-07T23:07:50.942+04:30  INFO 21388 --- [user-service] [main] com.netflix.discovery.DiscoveryClient    : Saw local status change event StatusChangeEvent [timestamp=1770489470942, current=UP, previous=STARTING]
2026-02-07T23:07:50.945+04:30  INFO 21388 --- [user-service] [DiscoveryClient-InstanceInfoReplicator-%d] com.netflix.discovery.DiscoveryClient    : DiscoveryClient_USER-SERVICE/DESKTOP-50AH8AE.mshome.net:user-service:8081: registering service...
2026-02-07T23:07:51.051+04:30  INFO 21388 --- [user-service] [main] o.s.boot.tomcat.TomcatWebServer          : Tomcat started on port 8081 (http) with context path '/'
2026-02-07T23:07:51.054+04:30  INFO 21388 --- [user-service] [main] .s.c.n.e.s.EurekaAutoServiceRegistration : Updating port to 8081
2026-02-07T23:07:51.125+04:30  INFO 21388 --- [user-service] [main] com.ecomerece.user.UserApplication       : Started UserApplication in 7.38 seconds (process running for 9.042)
2026-02-07T23:07:51.426+04:30  INFO 21388 --- [user-service] [DiscoveryClient-InstanceInfoReplicator-%d] com.netflix.discovery.DiscoveryClient    : DiscoveryClient_USER-SERVICE/DESKTOP-50AH8AE.mshome.net:user-service:8081 - registration status: 204
2026-02-07T23:07:52.348+04:30  INFO 21388 --- [user-service] [RMI TCP Connection(1)-172.22.112.1] o.s.a.r.c.CachingConnectionFactory       : Attempting to connect to: [localhost:5672]
2026-02-07T23:07:52.910+04:30  INFO 21388 --- [user-service] [RMI TCP Connection(4)-172.22.112.1] o.a.c.c.C.[Tomcat].[localhost].[/]       : Initializing Spring DispatcherServlet 'dispatcherServlet'
2026-02-07T23:07:52.911+04:30  INFO 21388 --- [user-service] [RMI TCP Connection(4)-172.22.112.1] o.s.web.servlet.DispatcherServlet        : Initializing Servlet 'dispatcherServlet'
2026-02-07T23:07:52.921+04:30  INFO 21388 --- [user-service] [RMI TCP Connection(4)-172.22.112.1] o.s.web.servlet.DispatcherServlet        : Completed initialization in 3 ms
2026-02-07T23:07:53.770+04:30  INFO 21388 --- [user-service] [RMI TCP Connection(1)-172.22.112.1] o.s.a.r.c.CachingConnectionFactory       : Created new connection: rabbitConnectionFactory#6c26e588:0/SimpleConnection@1214e1ef [delegate=amqp://guest@127.0.0.1:5672/, localPort=62723]
2026-02-07T23:08:32.582+04:30  INFO 21388 --- [user-service] [http-nio-8081-exec-2] c.e.user.controller.UserController       : Request received for user 6986264c244b1d5c9d76a96a
2026-02-07T23:12:50.536+04:30  INFO 21388 --- [user-service] [AsyncResolver-bootstrap-executor-%d] c.n.d.s.r.aws.ConfigClusterResolver      : Resolving eureka endpoints via configuration
2026-02-07T23:17:50.539+04:30  INFO 21388 --- [user-service] [AsyncResolver-bootstrap-executor-%d] c.n.d.s.r.aws.ConfigClusterResolver      : Resolving eureka endpoints via configuration
2026-02-07T23:22:50.540+04:30  INFO 21388 --- [user-service] [AsyncResolver-bootstrap-executor-%d] c.n.d.s.r.aws.ConfigClusterResolver      : Resolving eureka endpoints via configuration
2026-02-07T23:27:50.543+04:30  INFO 21388 --- [user-service] [AsyncResolver-bootstrap-executor-%d] c.n.d.s.r.aws.ConfigClusterResolver      : Resolving eureka endpoints via configuration
2026-02-07T23:32:50.544+04:30  INFO 21388 --- [user-service] [AsyncResolver-bootstrap-executor-%d] c.n.d.s.r.aws.ConfigClusterResolver      : Resolving eureka endpoints via configuration
